<?xml version="1.0" encoding="UTF-8"?>
<!-- Generated by org.testng.reporters.JUnitReportReporter -->
<testsuite hostname="LAPTOP-D78H200V" failures="0" tests="2" name="appium.capabilities" time="53.154" errors="0" timestamp="2022-12-05T14:46:53 IST" skipped="1">
  <testcase classname="appium.capabilities" name="orangehrm" time="53.154"/>
  <system-out/>
  <testcase classname="appium.capabilities" name="testcase">
    <skipped/>
  </testcase> <!-- testcase -->
  <system-out/>
</testsuite> <!-- appium.capabilities -->
