<?xml version="1.0" encoding="UTF-8"?>
<!-- Generated by org.testng.reporters.JUnitReportReporter -->
<testsuite hostname="LAPTOP-D78H200V" failures="0" tests="8" name="appium.native_apps" time="75.241" errors="0" timestamp="2022-12-09T11:35:45 IST" skipped="7">
  <testcase classname="appium.native_apps" name="task" time="75.241"/>
  <system-out/>
  <testcase classname="appium.native_apps" name="draganddrop">
    <skipped/>
  </testcase> <!-- draganddrop -->
  <system-out/>
  <testcase classname="appium.native_apps" name="tap_longpress">
    <skipped/>
  </testcase> <!-- tap_longpress -->
  <system-out/>
  <testcase classname="appium.native_apps" name="test1">
    <skipped/>
  </testcase> <!-- test1 -->
  <system-out/>
  <testcase classname="appium.native_apps" name="switchapp">
    <skipped/>
  </testcase> <!-- switchapp -->
  <system-out/>
  <testcase classname="appium.native_apps" name="scroll">
    <skipped/>
  </testcase> <!-- scroll -->
  <system-out/>
  <testcase classname="appium.native_apps" name="test">
    <skipped/>
  </testcase> <!-- test -->
  <system-out/>
  <testcase classname="appium.native_apps" name="swipe_actions">
    <skipped/>
  </testcase> <!-- swipe_actions -->
  <system-out/>
</testsuite> <!-- appium.native_apps -->
